<?xml version="1.0" encoding="UTF-8"?>
<!-- Generated by org.testng.reporters.JUnitReportReporter -->
<testsuite hostname="LTIN307779" failures="0" tests="1" name="testRunners.BaseClass" time="0.011" errors="0" timestamp="2024-04-13T12:45:53 IST" skipped="0">
  <testcase classname="testRunners.BaseClass" name="LoadProperites" time="0.011"/>
</testsuite> <!-- testRunners.BaseClass -->
